
GET /api/products 18-05-2023_01:26:51
GET /api/users 18-05-2023_01:27:14
GET /api/user 18-05-2023_01:32:01
GET /api/userskk 18-05-2023_01:32:08
GET /api/users 18-05-2023_01:32:15
GET /api/users 18-05-2023_04:13:37
GET /api/users 18-05-2023_04:13:38
GET /api/users 18-05-2023_10:04:33
GET /api/users 18-05-2023_10:05:42
GET /api/users 18-05-2023_10:05:44
GET /api/users 18-05-2023_10:05:59
GET /api/users 18-05-2023_10:06:00
GET /api/users 18-05-2023_11:14:37
GET /api/users 18-05-2023_11:14:38
GET /api/users 18-05-2023_11:17:36
GET /api/users 18-05-2023_11:24:20
GET /api/users 18-05-2023_11:26:40
GET /api/users 18-05-2023_11:27:41
GET /api/users 18-05-2023_11:27:43
GET /api/users 18-05-2023_11:28:16
GET /api/users 18-05-2023_11:28:33
GET /api/users 18-05-2023_11:29:13
GET /api/users 18-05-2023_11:29:14
GET /api/users 18-05-2023_11:29:16
GET /api/users 18-05-2023_11:30:21
GET /api/users 18-05-2023_11:30:22
GET /api/users 18-05-2023_11:30:43
GET /api/users 18-05-2023_11:31:57
GET /api/users 18-05-2023_11:32:18
GET /api/users 18-05-2023_11:32:48
GET /api/users 18-05-2023_11:36:24
GET /api/users 18-05-2023_11:37:32
GET /api/users 18-05-2023_11:39:54
GET /api/users 18-05-2023_11:42:03
GET /api/users 18-05-2023_11:45:34
GET /api/users 18-05-2023_11:45:35
GET /api/users 18-05-2023_11:45:36
GET /api/users 18-05-2023_11:45:37
GET /api/users 19-05-2023_12:03:18
GET /api/users 19-05-2023_01:27:42
GET /api/users 19-05-2023_01:28:57
GET /api/users 19-05-2023_01:28:58
GET /api/users 19-05-2023_01:31:31
GET /api/users 19-05-2023_01:33:42
GET /api/users 19-05-2023_01:34:12
GET /api/users 19-05-2023_01:35:50
GET /api/users 19-05-2023_01:35:52
GET /api/users 19-05-2023_01:40:01
GET /api/users 19-05-2023_01:40:02
GET /api/users 19-05-2023_01:40:03
GET /api/users 19-05-2023_01:40:53
GET /api/users 19-05-2023_01:41:10
GET /api/users 19-05-2023_01:41:41
GET /api/users 19-05-2023_01:47:21
GET /api/users 19-05-2023_09:13:23
GET /api/users 19-05-2023_09:16:16
GET /api/users 19-05-2023_09:16:17
GET /api/users 19-05-2023_09:16:18
GET /api/users 19-05-2023_09:20:04
GET / 19-05-2023_09:20:25
GET /api/users 19-05-2023_09:20:41
GET /api/users 19-05-2023_09:24:53
GET /api/users 19-05-2023_09:25:26
GET /api/users 19-05-2023_09:25:27
GET /api/users 19-05-2023_09:25:28
GET /api/users 19-05-2023_09:26:53
GET /api/users 19-05-2023_09:28:20
GET /api/users 19-05-2023_09:34:27
GET /api/users 19-05-2023_09:36:26
GET /api/users 19-05-2023_09:36:27
GET /api/users 19-05-2023_09:37:04
GET /api/users 19-05-2023_09:37:06
GET /api/users 19-05-2023_09:39:02
GET /api/users 19-05-2023_09:39:34
GET /api/users 19-05-2023_09:39:35
GET /api/users 19-05-2023_09:41:21
GET /api/users 19-05-2023_09:42:28
GET /api/users 19-05-2023_09:45:53
GET /api/users 19-05-2023_09:47:30
GET /api/users 19-05-2023_09:51:52
GET /api/users 19-05-2023_09:51:53
GET /api/users 19-05-2023_10:05:48
GET /api/users 19-05-2023_10:08:52
GET /api/users 19-05-2023_10:10:24
GET /api/users 19-05-2023_10:12:21
GET /api/users 19-05-2023_10:15:20
GET /api/users 19-05-2023_10:15:21
GET /api/users 19-05-2023_10:15:22
GET /api/users 19-05-2023_10:19:29
GET /api/users 19-05-2023_10:19:48
GET /api/users 19-05-2023_10:22:39
GET /api/users 19-05-2023_10:24:40
GET /api/users 19-05-2023_10:26:55
GET /api/users 19-05-2023_10:28:06
GET /api/users/e6ywwRe4jcqxXfCZOj_1e 19-05-2023_10:36:59
GET /api/users/e6ywwRe4jcqxXfCZOj_1e 19-05-2023_10:54:08
GET /api/users/e6ywwRe4jcqxXfCZOj_1e 19-05-2023_10:54:09
GET /api/users/rsKkOQUi80UsgVPCcLZZW 19-05-2023_11:05:04
GET /api/users 19-05-2023_11:19:31
GET /api/users 19-05-2023_11:21:18
GET /api/users 19-05-2023_11:21:19
GET /api/users 19-05-2023_11:21:20
GET /api/users 19-05-2023_11:27:07
GET /api/users 19-05-2023_11:37:36
GET /api/users 19-05-2023_11:39:56
GET /api/users 19-05-2023_01:06:46
GET /api/users 19-05-2023_01:54:28
GET /api/users 19-05-2023_01:55:26
GET /api/users 19-05-2023_01:56:08
GET /api/users 19-05-2023_02:05:58
GET /api/users 19-05-2023_02:17:59
GET /api/users 19-05-2023_02:28:54
GET /api/users 19-05-2023_02:30:29
POST /api/users 19-05-2023_02:42:57
POST /api/users 19-05-2023_02:50:53
POST /api/users 19-05-2023_02:54:08
GET /api/users 19-05-2023_02:54:15
GET /api/users 19-05-2023_02:54:53
GET /api/users 19-05-2023_03:08:34
GET /api/users 19-05-2023_03:08:35
GET /api/users 19-05-2023_03:10:09
GET /api/users 19-05-2023_03:11:01
GET /api/users 19-05-2023_08:47:17
GET /api/users 19-05-2023_09:03:38
GET /api/users 19-05-2023_09:03:39
GET /api/users 19-05-2023_09:06:07
GET /api/users 19-05-2023_09:06:09
GET /api/users 19-05-2023_09:08:46
GET /api/users 19-05-2023_09:08:47
GET /api/users 19-05-2023_09:08:58
GET /api/users 19-05-2023_09:08:59
GET /api/users 19-05-2023_09:09:12
GET /api/users 19-05-2023_09:09:13
GET /api/users/ 19-05-2023_09:09:27
GET /api/users 19-05-2023_09:10:32
GET /api/users 19-05-2023_09:10:34
GET /api/users 19-05-2023_09:13:29
GET /api/users 19-05-2023_09:13:30
GET /api/users 19-05-2023_09:13:32
GET /api/users 19-05-2023_09:19:08
GET /api/users 19-05-2023_09:23:34
GET /api/users 19-05-2023_09:23:36
GET /api/users 19-05-2023_09:24:34
GET /api/users 19-05-2023_09:24:35
GET /api/users 19-05-2023_09:29:18
GET /api/users 19-05-2023_09:30:44
GET /api/users 19-05-2023_09:34:23
GET /api/users 19-05-2023_10:00:42
POST /api/users 19-05-2023_10:01:40
POST /api/users 19-05-2023_10:02:07
POST /api/users 19-05-2023_10:02:08
POST /api/users 19-05-2023_10:02:39
POST /api/users 19-05-2023_10:08:37
POST /api/users 19-05-2023_10:08:38
POST /api/users 19-05-2023_10:10:47
POST /api/users 19-05-2023_10:10:48
POST /api/users 19-05-2023_10:12:38
GET /api/users 19-05-2023_10:12:43
GET /api/users 19-05-2023_10:12:53
GET /api/users 19-05-2023_10:12:54
GET /api/users 19-05-2023_10:13:09
GET /api/users/AeHIrLTr6JkxGE6SN-0Rw 19-05-2023_10:15:27
GET /api/users/AeHIrLTr6JkxGE6SN-0Rw 19-05-2023_10:16:19
POST /api/users 19-05-2023_11:33:38
POST /api/users 20-05-2023_12:59:07
GET /api/users/AeHIrLTr6JkxGE6SN-0Rw 20-05-2023_01:03:19
POST /api/users 20-05-2023_01:25:47
POST /api/users 20-05-2023_01:26:34
POST /api/users 20-05-2023_01:26:36
POST /api/users 20-05-2023_01:26:59
POST /api/users 20-05-2023_01:27:09
POST /api/users 20-05-2023_01:28:31
POST /api/users 20-05-2023_01:28:32
POST /api/users 20-05-2023_01:31:36
POST /api/users 20-05-2023_01:54:18
POST /api/users 20-05-2023_02:29:49
POST /api/users 20-05-2023_02:31:01
POST /api/users 20-05-2023_02:31:19
POST /api/users 20-05-2023_02:31:39
PUT /api/users/kcytEWfz3cRLAtNi1lY_x 20-05-2023_03:32:44
PUT /api/users/kcytEWfz3cRLAtNi1lY_x 20-05-2023_03:33:50
PUT /api/users/kcytEWfz3cRLAtNi1lY_x 20-05-2023_03:34:20
GET /api/users/AeHIrLTr6JkxGE6SN-0Rw 20-05-2023_03:34:25
GET /api/users/kcytEWfz3cRLAtNi1lY_x 20-05-2023_03:34:44
GET /api/users 20-05-2023_03:34:52
PUT /api/users/kcytEWfz3cRLAtNi1lY_x 20-05-2023_03:35:00
PUT /api/users/kcytEWfz3cRLAtNi1lY_x 20-05-2023_03:35:08
POST /api/users 20-05-2023_03:36:11
PUT /api/users/0ZSsMOFsytcAk6ZpmIYAy 20-05-2023_03:38:03
PUT /api/users/0ZSsMOFsytcAk6ZpmIYAy 20-05-2023_03:38:19
PUT /api/users/0ZSsMOFsytcAk6ZpmIYAy 20-05-2023_03:40:18
PUT /api/users/0ZSsMOFsytcAk6ZpmIYAy 20-05-2023_03:41:08
PUT /api/users/0ZSsMOFsytcAk6ZpmIYAy 20-05-2023_03:41:30
PUT /api/users/0ZSsMOFsytcAk6ZpmIYAy 20-05-2023_03:42:07
POST /api/users 20-05-2023_03:45:45
GET /api/users/AeHIrLTr6JkxGE6SN-0Rw 20-05-2023_03:45:56
GET /api/users 20-05-2023_03:46:08
DELETE /api/users/0ZSsMOFsytcAk6ZpmIYAy 20-05-2023_03:51:54
GET /api/users 20-05-2023_03:52:49
GET /api/users 20-05-2023_03:53:00
DELETE /api/users/GkgOXtC8LmYOvoznyV7iv 20-05-2023_03:53:57
GET /api/users 20-05-2023_03:54:23
PUT /api/users/UTk8g0P2bsjUJmT2qp4h2 20-05-2023_03:54:42
DELETE /api/users/UTk8g0P2bsjUJmT2qp4h2 20-05-2023_03:54:57
GET /api/users 20-05-2023_06:17:43
GET /api/users 20-05-2023_06:18:14
GET /api/users/AeHIrLTr6JkxGE6SN-0Rw 20-05-2023_06:18:22
PUT /api/users/kcytEWfz3cRLAtNi1lY_x 20-05-2023_06:54:01
PUT /api/users/kcytEWfz3cRLAtNi1lY_x 20-05-2023_06:55:38
DELETE /api/users/kcytEWfz3cRLAtNi1lY_x 20-05-2023_07:05:30
GET /api/users/AeHIrLTr6JkxGE6SN-0Rw 20-05-2023_07:05:35
GET /api/users 20-05-2023_07:05:53
POST /api/users 21-05-2023_12:31:39
GET /api/users 21-05-2023_12:32:01
DELETE /api/users/0_vlKiQ0UL_0AGOe9mRir 21-05-2023_12:32:24
POST /api/users 21-05-2023_12:32:28
GET /api/users 21-05-2023_12:33:37
DELETE /api/users/eZHO5GunMDBzr5DfCtv23 21-05-2023_12:34:01
POST /api/users 21-05-2023_12:34:37
GET /api/users 21-05-2023_12:34:44
DELETE /api/users/RPNb3-JJT-m7QLIWqkjms 21-05-2023_12:35:21
POST /api/users 21-05-2023_12:35:25
DELETE /api/users/cmcKQ4LIbSr8MQjfP2pYg 21-05-2023_12:35:40
POST /api/users 21-05-2023_12:35:48
POST /api/users 21-05-2023_12:36:12
POST /api/users 21-05-2023_12:36:13
POST /api/users 21-05-2023_12:40:42
POST /api/users 21-05-2023_12:40:44
POST /api/users 21-05-2023_12:44:30
POST /api/users 21-05-2023_12:45:08
POST /api/users 21-05-2023_12:45:19
POST /api/users 21-05-2023_12:45:20
POST /api/users 21-05-2023_12:45:42
GET /api/users 21-05-2023_12:45:56
GET /api/users/AeHIrLTr6JkxGE6SN-0Rw 21-05-2023_02:15:24
GET /api/users 21-05-2023_02:15:32
PATCH /api/users/NtKyR1OMTng0MToB0B1ss/favorite 21-05-2023_02:20:56
GET /api/users 21-05-2023_02:21:15
DELETE /api/users/NtKyR1OMTng0MToB0B1ss 21-05-2023_02:22:12
GET /api/users 21-05-2023_02:22:20
GET /api/users 21-05-2023_06:08:26
GET /api/users 22-05-2023_11:27:51
GET /api/users 23-05-2023_08:48:29
GET /users 23-05-2023_08:50:57
GET /users 23-05-2023_08:50:58
GET /users 23-05-2023_08:51:55
GET /users 23-05-2023_08:51:57
GET /users 23-05-2023_08:52:45
GET /users 23-05-2023_08:52:46
GET /user 23-05-2023_08:54:45
GET /user 23-05-2023_08:54:46
GET /users 23-05-2023_08:57:40
GET /users 23-05-2023_08:57:41
GET /users 23-05-2023_09:01:57
GET /users 23-05-2023_09:01:58
GET /users 23-05-2023_09:01:59
GET /users 23-05-2023_09:02:00
GET /users 23-05-2023_09:03:00
GET /sql/users 23-05-2023_10:04:15
GET /sql/users 23-05-2023_10:06:47
GET /sql/users 23-05-2023_10:12:38
GET /sql/users 23-05-2023_10:12:39
GET /sql/users/1 23-05-2023_10:39:04
POST /sql/users 23-05-2023_10:44:15
POST /sql/users 23-05-2023_10:45:30
POST /sql/users 23-05-2023_10:45:31
POST /sql/users 23-05-2023_10:51:22
PUT /api/users/5 23-05-2023_10:57:41
PUT /sql/users/5 23-05-2023_10:57:53
PUT /sql/users/5 23-05-2023_11:00:47
GET /sql/users 23-05-2023_11:01:04
DELETE /sql/users/5 23-05-2023_11:01:30
POST /sql/users 23-05-2023_11:02:12
DELETE /sql/users/6 23-05-2023_11:02:28
POST /sql/users 23-05-2023_11:03:35
DELETE /sql/users/7 23-05-2023_11:03:44
POST /sql/users 23-05-2023_11:04:43
DELETE /sql/users/8 23-05-2023_11:04:51
POST /sql/users 23-05-2023_11:05:10
DELETE /sql/users/9 23-05-2023_11:05:19
POST /sql/users 23-05-2023_11:06:11
PUT /sql/users/10 23-05-2023_11:24:12
GET /sql/users 23-05-2023_11:36:23
GET /sql/users 25-05-2023_11:49:17
GET /sql/users 26-05-2023_11:23:24
GET /sql/users 27-05-2023_12:05:03
GET /sql/users 28-05-2023_03:56:18
POST /sql/users 28-05-2023_03:57:00
GET /sql/users 28-05-2023_03:57:10
GET /sql/users/12 28-05-2023_03:57:17
DELETE /sql/users/12 28-05-2023_03:57:27
GET /sql/users 28-05-2023_03:57:31
GET /sql/users 28-05-2023_05:24:09
POST /sql/users 28-05-2023_05:24:15
PUT /sql/users/13 28-05-2023_05:24:47
GET /sql/users/12 28-05-2023_05:24:52
GET /sql/users 28-05-2023_05:25:43
GET /sql/users/13 28-05-2023_05:25:47
GET /sql/users/12 28-05-2023_05:26:00
GET /sql/users/12 28-05-2023_05:27:41
GET /sql/users/12 28-05-2023_05:28:08
GET /sql/users/12 28-05-2023_05:29:29
GET /sql/users/12 28-05-2023_05:31:29
GET /sql/users/12 28-05-2023_05:32:23
GET /sql/users 28-05-2023_05:35:43
POST /sql/users 28-05-2023_05:35:49
DELETE /sql/users/14 28-05-2023_05:36:01
GET /sql/users/13 28-05-2023_05:36:09
GET /sql/users/13 28-05-2023_05:38:17
GET /sql/users/13 28-05-2023_05:38:38
GET /sql/users/12 28-05-2023_05:38:43
GET /sql/users/12 28-05-2023_05:39:10
GET /sql/users/12 28-05-2023_05:40:33
GET /sql/users/13 28-05-2023_05:41:06
GET /sql/users/12 28-05-2023_05:41:13
GET /sql/users/12 28-05-2023_05:45:26
GET /sql/users/12 28-05-2023_05:45:49
GET /sql/users 28-05-2023_05:48:34
GET /sql/userss 28-05-2023_05:50:34
GET /sql/users 28-05-2023_05:51:46
GET /sql/users/13 28-05-2023_05:52:22
PUT /sql/users/12 28-05-2023_05:52:38
PUT /sql/users/13 28-05-2023_05:53:14
DELETE /sql/users/12 28-05-2023_05:53:25
DELETE /sql/users/12 28-05-2023_05:56:48
DELETE /sql/users/12 28-05-2023_05:57:29
DELETE /sql/users/13 28-05-2023_05:59:37
POST /sql/users 28-05-2023_05:59:47
PUT /sql/users/13 28-05-2023_05:59:51
GET /sql/users 28-05-2023_06:00:20
PUT /sql/users/15 28-05-2023_06:00:35
GET /sql/users/15 28-05-2023_06:00:43
GET /sql/users/15 28-05-2023_06:02:31
GET /sql/users/12 28-05-2023_06:02:37
GET /sql/users/15 28-05-2023_06:03:10
GET /sql/users/13 28-05-2023_06:03:15
GET /sql/usersr 28-05-2023_06:03:29
GET /sql/users 28-05-2023_06:03:34
POST /sql/userss 28-05-2023_06:03:53
POST /sql/users 28-05-2023_06:04:16
POST /sql/users 28-05-2023_06:04:24
PUT /sql/users/12 28-05-2023_06:04:37
PUT /sql/users/12 28-05-2023_06:10:20
PUT /sql/users/12 28-05-2023_06:11:55
PUT /sql/users/12 28-05-2023_06:27:36
GET /sql/users 28-05-2023_06:28:24
PUT /sql/users/16 28-05-2023_06:28:37
PUT /sql/users/16 28-05-2023_06:34:26
PUT /sql/users/12 28-05-2023_06:34:31
PUT /sql/users/16 28-05-2023_06:36:43
PUT /sql/users/12 28-05-2023_06:36:50
PUT /sql/users/12 28-05-2023_08:41:02
PUT /sql/users/12 28-05-2023_08:44:36
PUT /sql/users/12 28-05-2023_08:44:53
PUT /sql/users/12 28-05-2023_08:45:38
DELETE /sql/users/12 28-05-2023_08:45:50
DELETE /sql/users/12 28-05-2023_08:47:06
DELETE /sql/users/12 28-05-2023_08:50:30
GET /sql/users 28-05-2023_08:50:34
DELETE /sql/users/16 28-05-2023_08:50:47
GET /sql/users 28-05-2023_08:50:51
POST /sql/auth/register 28-05-2023_10:04:22
POST /sql/auth/register 28-05-2023_10:04:41
POST /sql/auth/register 28-05-2023_10:07:10
POST /sql/auth/register 28-05-2023_10:07:11
POST /sql/auth/register 28-05-2023_10:07:45
GET /sql/users 28-05-2023_10:08:08
GET /sql/users 28-05-2023_10:08:48
POST /sql/auth/login 28-05-2023_10:17:03
GET /sql/users 28-05-2023_10:17:53
POST /sql/auth/register 28-05-2023_10:18:59
GET /sql/users 28-05-2023_10:20:26
POST /sql/auth/register 28-05-2023_11:03:08
POST /sql/auth/register 28-05-2023_11:12:57
POST /sql/auth/register 28-05-2023_11:13:00
POST /sql/auth/register 28-05-2023_11:21:17
POST /sql/auth/register 29-05-2023_12:23:19
POST /sql/auth/register 29-05-2023_12:38:48
POST /sql/auth/register 29-05-2023_12:41:01
POST /sql/auth/register 29-05-2023_12:41:22
POST /sql/auth/register 29-05-2023_12:41:37
POST /sql/auth/register 29-05-2023_01:55:05
POST /sql/auth/register 29-05-2023_10:05:38
POST /sql/auth/register 29-05-2023_10:05:53
POST /sql/auth/register 29-05-2023_10:06:06
POST /sql/auth/login 29-05-2023_10:07:43
POST /sql/auth/login 29-05-2023_10:09:18
POST /sql/auth/login 29-05-2023_10:09:34
POST /sql/auth/login 29-05-2023_10:09:35
POST /sql/auth/login 29-05-2023_10:10:17
POST /sql/auth/login 29-05-2023_10:12:39
POST /sql/auth/login 29-05-2023_10:19:32
POST /sql/auth/login 29-05-2023_11:51:33
POST /sql/auth/login 29-05-2023_11:58:46
POST /sql/auth/login 30-05-2023_12:00:32
POST /sql/auth/login 30-05-2023_12:00:35
POST /sql/auth/login 30-05-2023_12:09:42
GET /sql/users 30-05-2023_01:05:24
GET /sql/users 30-05-2023_07:57:09
POST /sql/auth/login 30-05-2023_08:04:49
GET /sql/users 30-05-2023_08:44:03
GET /sql/users 30-05-2023_08:44:14
GET /sql/users 30-05-2023_08:44:36
GET /sql/users 30-05-2023_08:44:49
GET /sql/users 30-05-2023_08:44:51
POST /sql/auth/login 30-05-2023_08:44:56
GET /sql/users 30-05-2023_08:45:25
GET /sql/users 30-05-2023_08:49:02
GET /sql/users 30-05-2023_08:49:03
POST /sql/auth/login 30-05-2023_08:49:10
GET /sql/users 30-05-2023_08:49:24
POST /sql/auth/register 30-05-2023_09:20:11
POST /sql/auth/register 30-05-2023_09:20:28
POST /sql/auth/register 30-05-2023_09:20:47
POST /sql/auth/login 30-05-2023_09:21:25
GET /sql/users 30-05-2023_09:21:42
GET /sql/users 30-05-2023_10:05:20
GET /sql/users 30-05-2023_10:05:21
POST /sql/auth/login 30-05-2023_10:05:25
POST /sql/auth/register 30-05-2023_10:06:08
POST /sql/auth/register 30-05-2023_10:06:27
POST /sql/auth/register 30-05-2023_10:06:29
POST /sql/auth/login 30-05-2023_10:06:42
POST /sql/auth/register 30-05-2023_10:06:46
POST /sql/auth/register 30-05-2023_10:07:05
POST /sql/auth/login 30-05-2023_10:07:23
GET /sql/users 30-05-2023_10:13:32
POST /sql/auth/register 30-05-2023_10:26:42
GET /sql/users 30-05-2023_10:40:18
GET /sql/users 30-05-2023_10:40:19
POST /sql/auth/login 30-05-2023_10:40:26
POST /sql/auth/login 30-05-2023_10:40:30
POST /sql/auth/login 30-05-2023_10:40:46
GET /sql/users 30-05-2023_10:40:57
GET /sql/users 30-05-2023_10:40:59
GET /sql/users 30-05-2023_10:41:13
GET /sql/users 30-05-2023_10:41:15
GET /sql/users 30-05-2023_10:41:34
GET /sql/users 30-05-2023_10:41:35
GET /sql/users 30-05-2023_10:45:44
GET /sql/users 30-05-2023_10:49:10
GET /sql/users 30-05-2023_10:50:24
POST /sql/users 30-05-2023_10:58:45
POST /sql/users 30-05-2023_11:03:03
POST /sql/users 30-05-2023_11:03:37
POST /sql/users 30-05-2023_11:21:24
POST /sql/users 30-05-2023_11:25:36
POST /sql/users 30-05-2023_11:25:47
POST /sql/users 30-05-2023_11:25:59
GET /sql/users 30-05-2023_11:42:19
GET /sql/users 30-05-2023_11:42:21
GET /sql/users 30-05-2023_11:50:04
GET /sql/users 30-05-2023_11:50:06
GET /sql/users 30-05-2023_11:55:12
GET /sql/users 30-05-2023_11:55:13
GET /sql/users 30-05-2023_11:55:14
POST /sql/auth/login 30-05-2023_11:55:17
GET /sql/users 30-05-2023_11:55:30
POST /sql/auth/register 31-05-2023_12:35:59
POST /sql/auth/login 31-05-2023_12:36:12
GET /sql/users 31-05-2023_12:36:28
POST /sql/auth/login 31-05-2023_12:39:29
GET /sql/users 31-05-2023_12:39:44
POST /sql/users 31-05-2023_12:40:22
GET /sql/users 31-05-2023_01:07:02
GET /sql/users 31-05-2023_01:07:04
POST /sql/auth/register 31-05-2023_01:10:47
POST /sql/auth/login 31-05-2023_01:11:03
POST /sql/auth/login 31-05-2023_01:12:20
POST /sql/auth/register 31-05-2023_01:13:15
POST /sql/auth/login 31-05-2023_01:13:58
POST /sql/auth/register 31-05-2023_01:16:50
POST /sql/auth/login 31-05-2023_01:17:03
GET /sql/users 31-05-2023_01:19:07
POST /sql/auth/register 31-05-2023_01:23:45
POST /sql/auth/login 31-05-2023_01:23:54
GET /sql/users 01-06-2023_10:04:03
GET /sql/users 01-06-2023_10:04:04
POST /sql/auth/login 01-06-2023_10:38:02
GET /sql/users 01-06-2023_10:38:25
POST /sql/auth/register 01-06-2023_10:46:38
POST /sql/auth/login 01-06-2023_10:46:51
POST /sql/auth/register 01-06-2023_10:52:33
GET /sql/users 01-06-2023_10:54:39
GET /sql/users 01-06-2023_11:21:48
POST /sql/users 01-06-2023_11:28:20
POST /sql/users 01-06-2023_11:32:30
POST /sql/users 01-06-2023_11:34:48
POST /sql/users 01-06-2023_11:36:13
GET /sql/users 01-06-2023_11:36:23
POST /sql/auth/register 01-06-2023_11:36:40
POST /sql/auth/login 01-06-2023_11:36:56
POST /sql/auth/register 01-06-2023_11:45:48
POST /sql/auth/register 01-06-2023_11:45:49
POST /sql/auth/login 01-06-2023_11:45:54
GET /sql/users 01-06-2023_11:46:31
GET /sql/users 01-06-2023_11:46:33
GET /sql/users 01-06-2023_11:47:11
GET /sql/users 01-06-2023_11:47:12
GET /sql/users 01-06-2023_11:47:34
GET /sql/users 01-06-2023_11:48:56
GET /sql/users 01-06-2023_11:50:11
GET /sql/users 01-06-2023_11:50:13
GET /sql/users 01-06-2023_11:51:10
GET /sql/users 01-06-2023_11:51:59
GET /sql/users 01-06-2023_11:52:32
POST /sql/auth/register 02-06-2023_12:22:09
POST /sql/auth/register 02-06-2023_12:22:59
POST /sql/auth/register 02-06-2023_12:24:19
POST /sql/auth/register 02-06-2023_12:24:22
POST /sql/auth/register 02-06-2023_12:25:20
POST /sql/auth/register 02-06-2023_12:26:26
POST /sql/auth/register 02-06-2023_12:26:28
POST /sql/auth/register 02-06-2023_12:26:52
POST /sql/auth/register 02-06-2023_12:27:31
GET /sql/users 02-06-2023_12:28:06
POST /sql/auth/register 02-06-2023_12:29:03
POST /sql/auth/login 02-06-2023_12:29:56
POST /sql/auth/login 02-06-2023_12:29:59
POST /sql/auth/register 02-06-2023_12:30:56
POST /sql/auth/register 02-06-2023_12:31:32
POST /sql/auth/register 02-06-2023_12:32:03
POST /sql/auth/login 02-06-2023_12:41:33
POST /sql/auth/login 02-06-2023_12:42:34
GET /sql/users 02-06-2023_12:42:49
GET /sql/users 02-06-2023_12:42:51
GET /sql/users 02-06-2023_12:43:25
GET /sql/users 02-06-2023_12:44:01
GET /sql/users 02-06-2023_12:44:03
GET /sql/users 02-06-2023_12:44:17
GET /sql/users 02-06-2023_12:44:18
GET /sql/users 02-06-2023_12:44:19
POST /sql/auth/login 02-06-2023_07:55:13
POST /sql/auth/login 02-06-2023_09:06:25
POST /sql/auth/login 02-06-2023_10:15:57
POST /sql/auth/register 02-06-2023_10:16:24
POST /sql/auth/login 02-06-2023_10:16:36
POST /sql/auth/login 02-06-2023_10:17:41
POST /sql/auth/login 03-06-2023_05:52:11
POST /sql/auth/login 03-06-2023_05:54:34
POST /sql/auth/login 03-06-2023_05:55:02
POST /sql/auth/login 03-06-2023_05:57:17
POST /sql/auth/register 03-06-2023_05:58:30
POST /sql/auth/login 03-06-2023_05:58:49
POST /sql/auth/login 03-06-2023_06:01:01
POST /sql/auth/login 03-06-2023_06:01:03
POST /sql/auth/login 03-06-2023_06:04:47
POST /sql/auth/login 03-06-2023_06:04:49
POST /sql/auth/login 03-06-2023_06:07:44
POST /sql/auth/login 03-06-2023_06:07:46
POST /sql/auth/register 03-06-2023_06:13:10
POST /sql/auth/login 03-06-2023_06:13:54
GET /sql/users 03-06-2023_06:41:50
GET /sql/users 03-06-2023_06:57:17
GET /sql/users 03-06-2023_07:01:47
GET /sql/users 03-06-2023_07:01:48
GET /sql/users 03-06-2023_07:04:14
GET /sql/users 03-06-2023_07:05:25
GET /sql/users 03-06-2023_07:05:46
GET /sql/users 03-06-2023_07:06:58
GET /sql/users 03-06-2023_07:07:48
POST /sql/auth/register 03-06-2023_07:13:14
POST /sql/auth/login 03-06-2023_07:13:21
POST /sql/auth/login 03-06-2023_07:13:33
POST /sql/auth/login 03-06-2023_07:13:37
POST /sql/auth/login 03-06-2023_07:17:57
GET /sql/users 03-06-2023_07:18:17
GET /sql/users 03-06-2023_07:18:49
GET /sql/users 03-06-2023_07:19:34
GET /sql/users 03-06-2023_07:20:29
POST /sql/auth/login 03-06-2023_08:16:13
GET /sql/users 03-06-2023_08:16:24
GET /sql/users 03-06-2023_08:19:47
GET /sql/users 03-06-2023_08:19:48
GET /sql/users 03-06-2023_08:19:50
GET /sql/users 03-06-2023_08:20:56
GET /sql/users 03-06-2023_08:20:57
GET /sql/users 03-06-2023_08:21:27
GET /sql/users 03-06-2023_08:25:55
GET /sql/users 03-06-2023_08:26:17
GET /sql/users 03-06-2023_08:34:37
GET /sql/users 03-06-2023_08:43:46
GET /sql/users 03-06-2023_08:47:13
GET /sql/users 03-06-2023_08:49:39
GET /sql/users 03-06-2023_08:49:40
GET /sql/users 03-06-2023_08:50:01
GET /sql/users 03-06-2023_08:58:33
GET /sql/users 03-06-2023_08:59:10
GET /sql/users 03-06-2023_08:59:46
GET /sql/users 03-06-2023_08:59:48
GET /sql/users 03-06-2023_09:00:00
GET /sql/users 03-06-2023_09:00:32
POST /sql/auth/login 03-06-2023_10:19:21
POST /sql/auth/login 03-06-2023_11:21:03
GET /sql/users 03-06-2023_11:21:29
GET /sql/users 03-06-2023_11:53:45
GET /sql/users 03-06-2023_11:54:42
GET /sql/users 03-06-2023_11:58:19
GET /sql/users 03-06-2023_11:58:21
GET /sql/users 04-06-2023_12:00:04
GET /sql/users 04-06-2023_12:00:06
GET /sql/users 04-06-2023_12:00:21
GET /sql/users 04-06-2023_12:00:34
GET /sql/users 04-06-2023_12:00:38
GET /sql/users 04-06-2023_12:01:19
GET /sql/users 04-06-2023_12:01:25
GET /sql/users 04-06-2023_12:01:46
GET /sql/users 04-06-2023_01:30:55
GET /sql/users 04-06-2023_01:32:38
GET /sql/users 04-06-2023_01:33:42
POST /sql/auth/login 04-06-2023_01:33:55
GET /sql/users 04-06-2023_01:34:12
GET /sql/users 04-06-2023_01:34:14
GET /sql/users 04-06-2023_01:36:58
GET /sql/users 04-06-2023_01:36:59
GET /sql/users 04-06-2023_01:39:06
GET /sql/users 04-06-2023_01:39:11
GET /sql/users 04-06-2023_01:40:20
GET /sql/users 04-06-2023_01:40:56
POST /sql/users 04-06-2023_01:50:53
POST /sql/auth/login 04-06-2023_02:54:06
GET /sql/users 04-06-2023_02:54:19
POST /sql/auth/login 04-06-2023_02:55:33
GET /sql/users 04-06-2023_02:55:46
GET /sql/users 04-06-2023_02:56:16
GET /sql/users 04-06-2023_02:57:10
GET /sql/users 04-06-2023_02:57:47
POST /sql/auth/login 04-06-2023_02:57:53
GET /sql/users 04-06-2023_02:58:17
GET /sql/users 04-06-2023_02:58:55
GET /sql/users 04-06-2023_03:00:57
GET /sql/users 04-06-2023_03:02:31
GET /sql/users 04-06-2023_03:08:06
GET /sql/users 04-06-2023_03:08:07
GET /sql/users 04-06-2023_03:28:39
GET /sql/users 04-06-2023_03:29:02
GET /sql/users 04-06-2023_03:32:17
GET /sql/users 04-06-2023_03:41:33
GET /sql/users 04-06-2023_03:41:34
GET /sql/users 04-06-2023_03:43:09
GET /sql/users 04-06-2023_03:43:30
GET /sql/users 04-06-2023_03:44:16
GET /sql/users 04-06-2023_03:46:00
GET /sql/users 04-06-2023_03:46:11
GET /sql/users 04-06-2023_03:47:43
POST /sql/auth/login 04-06-2023_03:53:00
GET /sql/users 04-06-2023_03:53:11
GET /sql/users 04-06-2023_03:56:10
GET /sql/users 04-06-2023_04:04:42
GET /sql/users 04-06-2023_04:05:51
GET /sql/users 04-06-2023_04:07:49
GET /sql/users 04-06-2023_04:07:51
POST /sql/auth/login 04-06-2023_04:09:08
GET /sql/users 04-06-2023_04:09:23
GET /sql/users 04-06-2023_04:11:04
GET /sql/users 04-06-2023_04:11:11
GET /sql/users 04-06-2023_04:14:54
GET /sql/users 04-06-2023_04:17:35
GET /sql/users 04-06-2023_04:17:36